<?xml version="1.0" encoding="utf-8"?>
<shfbBuild product="Sandcastle Help File Builder" version="2014.5.31.0" projectFile="C:\Pasamonte\psl-apiclient\Pasamonte.ApiClient.Docs\ApiClient.Docs.shfbproj" started="09-06-2014 12:25:15">
<buildStep step="Initializing">
Finding tools...
The Sandcastle tools are located in &#39;C:\Program Files\EWSoftware\Sandcastle Help File Builder\&#39;
Searching for HTML Help 1 compiler...
Found HTML Help 1 compiler in &#39;C:\Program Files\HTML Help Workshop\&#39;
Locating components in the following folder(s):
   C:\Pasamonte\psl-apiclient\Pasamonte.ApiClient.Docs
Using presentation style &#39;VS2013&#39; located in &#39;C:\Program Files\EWSoftware\Sandcastle Help File Builder\PresentationStyles\VS2013&#39;
Loading and initializing plug-ins...
Lightweight Website Style Version 2014.5.31.0
Copyright &#169; 2006-2014, Eric Woodruff, All Rights Reserved
Portions Copyright &#169; 2014, Sam Harwell, All Rights Reserved
</buildStep>
<buildStep step="ValidatingDocumentationSources">
Validating and copying documentation source information
Source: C:\Pasamonte\psl-apiclient\ApiClient.sln
    Found project &#39;C:\Pasamonte\psl-apiclient\Pasamonte.ApiClient\ApiClient.csproj&#39;
    Found project &#39;C:\Pasamonte\psl-apiclient\Pasamonte.ApiClient.Core\ApiClient.Core.csproj&#39;
    Found project &#39;C:\Pasamonte\psl-apiclient\ApiClient.Tests\ApiClient.Tests.csproj&#39;

Parsing project files
    Found assembly &#39;C:\Pasamonte\psl-apiclient\Pasamonte.ApiClient\bin\Debug\Pasamonte.ApiClient.dll&#39;
    Found assembly &#39;C:\Pasamonte\psl-apiclient\Pasamonte.ApiClient.Core\bin\Debug\Pasamonte.ApiClient.Core.dll&#39;
    Found assembly &#39;C:\Pasamonte\psl-apiclient\ApiClient.Tests\bin\Debug\ApiClient.Tests.dll&#39;

References to include (excluding framework assemblies):
    Microsoft.VisualStudio.QualityTools.UnitTestFramework

Copying XML comments files
    C:\Pasamonte\psl-apiclient\Pasamonte.ApiClient\bin\Debug\Pasamonte.ApiClient.XML -&gt; C:\Pasamonte\psl-apiclient\Pasamonte.ApiClient.Docs\Help\Working\Pasamonte.ApiClient.XML
    C:\Pasamonte\psl-apiclient\Pasamonte.ApiClient.Core\bin\Debug\Pasamonte.ApiClient.Core.XML -&gt; C:\Pasamonte\psl-apiclient\Pasamonte.ApiClient.Docs\Help\Working\Pasamonte.ApiClient.Core.XML
</buildStep>
<buildStep step="GenerateSharedContent">
Generating shared content files (en-US, English (United States))...
<plugIn name="Lightweight Website Style" behavior="After" priority="1000">
</plugIn>    Last step completed in 00:00:00.0050
</buildStep>
<buildStep step="GenerateApiFilter">
Generating API filter for MRefBuilder...
    Last step completed in 00:00:00.0010
</buildStep>
<buildStep step="GenerateReflectionInfo">
Generating reflection information...
[C:\Program Files\MSBuild\12.0\bin\MSBuild.exe]
Compilaci&#162;n iniciada a las 09-06-2014 12:25:16.
Proyecto &quot;C:\Pasamonte\psl-apiclient\Pasamonte.ApiClient.Docs\Help\Working\GenerateRefInfo.proj&quot; en nodo 1 (destinos predeterminados).
PrepareForBuild:
  Creando directorio &quot;obj\Debug\&quot;.
GenerateRefInfo:
  MRefBuilder (v2014.5.31.0)
  Copyright &#184; 2006-2014, Microsoft Corporation, All Rights Reserved.
  Portions Copyright &#184; 2006-2014, Eric Woodruff, All Rights Reserved.
  Loaded 3 assemblies for reflection and 2 dependency assemblies.
  Wrote information on 4 namespaces, 16 types, and 102 members
  Copiando el archivo de &quot;reflection.org&quot; en &quot;reflection.all&quot;.
  XslTransform (v2014.5.31.0)
  Copyright &#184; 2006-2014, Microsoft Corporation, All Rights Reserved.
  Portions Copyright &#184; 2006-2014, Eric Woodruff, All Rights Reserved.
  Applying XSL transformation &#39;C:\Program Files\EWSoftware\Sandcastle Help File Builder\ProductionTransforms\MergeDuplicates.xsl&#39;.
Compilaci&#162;n del proyecto terminada &quot;C:\Pasamonte\psl-apiclient\Pasamonte.ApiClient.Docs\Help\Working\GenerateRefInfo.proj&quot; (destinos predeterminados).

Compilaci&#162;n correcta.

Tiempo transcurrido 00:00:00.50
    Last step completed in 00:00:00.6740
</buildStep>
<buildStep step="TransformReflectionInfo">
Transforming reflection output...
[C:\Program Files\MSBuild\12.0\bin\MSBuild.exe]
Compilaci&#162;n iniciada a las 09-06-2014 12:25:17.
Proyecto &quot;C:\Pasamonte\psl-apiclient\Pasamonte.ApiClient.Docs\Help\Working\TransformManifest.proj&quot; en nodo 1 (destinos predeterminados).
TransformManifest:
  XslTransform (v2014.5.31.0)
  Copyright &#184; 2006-2014, Microsoft Corporation, All Rights Reserved.
  Portions Copyright &#184; 2006-2014, Eric Woodruff, All Rights Reserved.
  Applying XSL transformation &#39;C:\Program Files\EWSoftware\Sandcastle Help File Builder\\ProductionTransforms\ApplyVSDocModel.xsl&#39;.
  Copiando el archivo de &quot;reflection.xml&quot; en &quot;reflection.nofilenames&quot;.
  XslTransform (v2014.5.31.0)
  Copyright &#184; 2006-2014, Microsoft Corporation, All Rights Reserved.
  Portions Copyright &#184; 2006-2014, Eric Woodruff, All Rights Reserved.
  Applying XSL transformation &#39;C:\Program Files\EWSoftware\Sandcastle Help File Builder\ProductionTransforms\AddFilenames.xsl&#39;.
  XslTransform (v2014.5.31.0)
  Copyright &#184; 2006-2014, Microsoft Corporation, All Rights Reserved.
  Portions Copyright &#184; 2006-2014, Eric Woodruff, All Rights Reserved.
  Applying XSL transformation &#39;C:\Program Files\EWSoftware\Sandcastle Help File Builder\ProductionTransforms\ReflectionToManifest.xsl&#39;.
Compilaci&#162;n del proyecto terminada &quot;C:\Pasamonte\psl-apiclient\Pasamonte.ApiClient.Docs\Help\Working\TransformManifest.proj&quot; (destinos predeterminados).

Compilaci&#162;n correcta.

Tiempo transcurrido 00:00:00.36
    Last step completed in 00:00:00.5250
</buildStep>
<buildStep step="GenerateNamespaceSummaries">
Generating namespace summary information...
    Last step completed in 00:00:00.2530
</buildStep>
<buildStep step="CopyConceptualContent">
Copying conceptual content...
Copying standard token shared content file...
Checking for other token files...
Checking for code snippets files...
Copying images and creating the media map file...
Generating conceptual topic files
    Parsing topic file &#39;C:\Pasamonte\psl-apiclient\Pasamonte.ApiClient.Docs\Content\Welcome.aml&#39;
    C:\Pasamonte\psl-apiclient\Pasamonte.ApiClient.Docs\Content\Welcome.aml -&gt; C:\Pasamonte\psl-apiclient\Pasamonte.ApiClient.Docs\Help\Working\ddueXml\eb3dcb81-1953-4e43-9464-65aa2527c046.xml
    Parsing topic file &#39;C:\Pasamonte\psl-apiclient\Pasamonte.ApiClient.Docs\Content\VersionHistory\VersionHistory.aml&#39;
    C:\Pasamonte\psl-apiclient\Pasamonte.ApiClient.Docs\Content\VersionHistory\VersionHistory.aml -&gt; C:\Pasamonte\psl-apiclient\Pasamonte.ApiClient.Docs\Help\Working\ddueXml\a9a8962b-6266-46f0-8d19-6d521bad74a8.xml
    Parsing topic file &#39;C:\Pasamonte\psl-apiclient\Pasamonte.ApiClient.Docs\Content\VersionHistory\v1.0.0.0.aml&#39;
    C:\Pasamonte\psl-apiclient\Pasamonte.ApiClient.Docs\Content\VersionHistory\v1.0.0.0.aml -&gt; C:\Pasamonte\psl-apiclient\Pasamonte.ApiClient.Docs\Help\Working\ddueXml\a11fd79d-86db-4961-9388-2e00b82f8f4a.xml
    Last step completed in 00:00:00.0400
</buildStep>
<buildStep step="CreateConceptualTopicConfigs">
Creating conceptual topic configuration files...
    Companion files
    _ContentMetadata_.xml
    ConceptualManifest.xml
    Last step completed in 00:00:00.0040
</buildStep>
<buildStep step="CopyAdditionalContent">
Copying additional content files...
C:\Pasamonte\psl-apiclient\Pasamonte.ApiClient.Docs\icons\Help.png -&gt; C:\Pasamonte\psl-apiclient\Pasamonte.ApiClient.Docs\Help\Working\Output\HtmlHelp1\icons\Help.png
    Last step completed in 00:00:00.0040
</buildStep>
<buildStep step="MergeTablesOfContents">
Merging conceptual and additional tables of contents...
    Last step completed in 00:00:00.0010
</buildStep>
<buildStep step="GenerateIntermediateTableOfContents">
Generating intermediate table of contents file...
[C:\Program Files\MSBuild\12.0\bin\MSBuild.exe]
Compilaci&#162;n iniciada a las 09-06-2014 12:25:17.
Proyecto &quot;C:\Pasamonte\psl-apiclient\Pasamonte.ApiClient.Docs\Help\Working\GenerateIntermediateTOC.proj&quot; en nodo 1 (destinos predeterminados).
GenerateIntermediateTOC:
  XslTransform (v2014.5.31.0)
  Copyright &#184; 2006-2014, Microsoft Corporation, All Rights Reserved.
  Portions Copyright &#184; 2006-2014, Eric Woodruff, All Rights Reserved.
  Applying XSL transformation &#39;C:\Program Files\EWSoftware\Sandcastle Help File Builder\\ProductionTransforms\CreateVSToc.xsl&#39;.
Compilaci&#162;n del proyecto terminada &quot;C:\Pasamonte\psl-apiclient\Pasamonte.ApiClient.Docs\Help\Working\GenerateIntermediateTOC.proj&quot; (destinos predeterminados).

Compilaci&#162;n correcta.

Tiempo transcurrido 00:00:00.11
Generating conceptual content intermediate TOC file...
    Last step completed in 00:00:00.2640
</buildStep>
<buildStep step="CreateBuildAssemblerConfigs">
Creating Sandcastle configuration files...
    sandcastle.config
    conceptual.config
    Last step completed in 00:00:00.1380
</buildStep>
<buildStep step="MergeCustomConfigs">
Merging custom build component configurations
C:\Pasamonte\psl-apiclient\Pasamonte.ApiClient.Docs\Help\Working\sandcastle.config
C:\Pasamonte\psl-apiclient\Pasamonte.ApiClient.Docs\Help\Working\conceptual.config
    Removing unused ExampleComponent.
    Last step completed in 00:00:00.2750
</buildStep>
<buildStep step="BuildConceptualTopics">
Building conceptual help topics...
[C:\Program Files\MSBuild\12.0\bin\MSBuild.exe]
Compilaci&#162;n iniciada a las 09-06-2014 12:25:18.
Proyecto &quot;C:\Pasamonte\psl-apiclient\Pasamonte.ApiClient.Docs\Help\Working\BuildConceptualTopics.proj&quot; en nodo 1 (destinos predeterminados).
BuildConceptualTopics:
  BuildAssembler (v2014.5.31.0)
  Copyright &#184; 2006-2014, Microsoft Corporation, All Rights Reserved.
  Portions Copyright &#184; 2006-2014, Eric Woodruff, All Rights Reserved.
  Loading configuration...
  Processing topics...
  Processed 3 topic(s)
  CopyFromIndexComponent: &quot;metadata&quot; in-memory cache entries used: 1 of 15.
Compilaci&#162;n del proyecto terminada &quot;C:\Pasamonte\psl-apiclient\Pasamonte.ApiClient.Docs\Help\Working\BuildConceptualTopics.proj&quot; (destinos predeterminados).

Compilaci&#162;n correcta.

Tiempo transcurrido 00:00:04.01
    Last step completed in 00:00:04.4360
</buildStep>
<buildStep step="BuildReferenceTopics">
Building reference help topics...
[C:\Program Files\MSBuild\12.0\bin\MSBuild.exe]
Compilaci&#162;n iniciada a las 09-06-2014 12:25:22.
Proyecto &quot;C:\Pasamonte\psl-apiclient\Pasamonte.ApiClient.Docs\Help\Working\BuildReferenceTopics.proj&quot; en nodo 1 (destinos predeterminados).
BuildReferenceTopics:
  BuildAssembler (v2014.5.31.0)
  Copyright &#184; 2006-2014, Microsoft Corporation, All Rights Reserved.
  Portions Copyright &#184; 2006-2014, Eric Woodruff, All Rights Reserved.
  Loading configuration...
  Processing topics...
BuildAssembler : warning : ShowMissingComponent: [N:ApiClient.Tests] Missing &lt;summary&gt; documentation [C:\Pasamonte\psl-apiclient\Pasamonte.ApiClient.Docs\Help\Working\BuildReferenceTopics.proj]
BuildAssembler : warning : ShowMissingComponent: [T:ApiClient.Tests.UnitTest1] Missing &lt;summary&gt; documentation [C:\Pasamonte\psl-apiclient\Pasamonte.ApiClient.Docs\Help\Working\BuildReferenceTopics.proj]
BuildAssembler : warning : ShowMissingComponent: [M:ApiClient.Tests.UnitTest1.TestMethod1] Missing &lt;summary&gt; documentation [C:\Pasamonte\psl-apiclient\Pasamonte.ApiClient.Docs\Help\Working\BuildReferenceTopics.proj]
BuildAssembler : warning : ShowMissingComponent: [N:Pasamonte.ApiClient] Missing &lt;summary&gt; documentation [C:\Pasamonte\psl-apiclient\Pasamonte.ApiClient.Docs\Help\Working\BuildReferenceTopics.proj]
BuildAssembler : warning : ShowMissingComponent: [T:Pasamonte.ApiClient.ApiClient] Missing &lt;summary&gt; documentation [C:\Pasamonte\psl-apiclient\Pasamonte.ApiClient.Docs\Help\Working\BuildReferenceTopics.proj]
BuildAssembler : warning : ShowMissingComponent: [M:Pasamonte.ApiClient.ApiClient.Autenticar(System.String,System.String,Pasamonte.ApiClient.Core.Dto.IdentificacionUsuario,Pasamonte.ApiClient.Core.Dto.IdentificacionTerminal,Pasamonte.ApiClient.Core.Dto.IdentificacionSistemaRemoto)] Missing &lt;summary&gt; documentation [C:\Pasamonte\psl-apiclient\Pasamonte.ApiClient.Docs\Help\Working\BuildReferenceTopics.proj]
BuildAssembler : warning : ShowMissingComponent: [M:Pasamonte.ApiClient.ApiClient.Autenticar(System.String,System.String,Pasamonte.ApiClient.Core.Dto.IdentificacionUsuario,Pasamonte.ApiClient.Core.Dto.IdentificacionTerminal,Pasamonte.ApiClient.Core.Dto.IdentificacionSistemaRemoto)] Missing &lt;returns&gt; documentation [C:\Pasamonte\psl-apiclient\Pasamonte.ApiClient.Docs\Help\Working\BuildReferenceTopics.proj]
BuildAssembler : warning : ShowMissingComponent: [M:Pasamonte.ApiClient.ApiClient.Autenticar(System.String,System.String,Pasamonte.ApiClient.Core.Dto.IdentificacionUsuario,Pasamonte.ApiClient.Core.Dto.IdentificacionTerminal,Pasamonte.ApiClient.Core.Dto.IdentificacionSistemaRemoto)] Missing &lt;param name=&quot;url&quot;/&gt; documentation [C:\Pasamonte\psl-apiclient\Pasamonte.ApiClient.Docs\Help\Working\BuildReferenceTopics.proj]
BuildAssembler : warning : ShowMissingComponent: [M:Pasamonte.ApiClient.ApiClient.Autenticar(System.String,System.String,Pasamonte.ApiClient.Core.Dto.IdentificacionUsuario,Pasamonte.ApiClient.Core.Dto.IdentificacionTerminal,Pasamonte.ApiClient.Core.Dto.IdentificacionSistemaRemoto)] Missing &lt;param name=&quot;apiKey&quot;/&gt; documentation [C:\Pasamonte\psl-apiclient\Pasamonte.ApiClient.Docs\Help\Working\BuildReferenceTopics.proj]
BuildAssembler : warning : ShowMissingComponent: [M:Pasamonte.ApiClient.ApiClient.Autenticar(System.String,System.String,Pasamonte.ApiClient.Core.Dto.IdentificacionUsuario,Pasamonte.ApiClient.Core.Dto.IdentificacionTerminal,Pasamonte.ApiClient.Core.Dto.IdentificacionSistemaRemoto)] Missing &lt;param name=&quot;identificacionUsuario&quot;/&gt; documentation [C:\Pasamonte\psl-apiclient\Pasamonte.ApiClient.Docs\Help\Working\BuildReferenceTopics.proj]
BuildAssembler : warning : ShowMissingComponent: [M:Pasamonte.ApiClient.ApiClient.Autenticar(System.String,System.String,Pasamonte.ApiClient.Core.Dto.IdentificacionUsuario,Pasamonte.ApiClient.Core.Dto.IdentificacionTerminal,Pasamonte.ApiClient.Core.Dto.IdentificacionSistemaRemoto)] Missing &lt;param name=&quot;identificacionTerminal&quot;/&gt; documentation [C:\Pasamonte\psl-apiclient\Pasamonte.ApiClient.Docs\Help\Working\BuildReferenceTopics.proj]
BuildAssembler : warning : ShowMissingComponent: [M:Pasamonte.ApiClient.ApiClient.Autenticar(System.String,System.String,Pasamonte.ApiClient.Core.Dto.IdentificacionUsuario,Pasamonte.ApiClient.Core.Dto.IdentificacionTerminal,Pasamonte.ApiClient.Core.Dto.IdentificacionSistemaRemoto)] Missing &lt;param name=&quot;identificacionSistemaRemoto&quot;/&gt; documentation [C:\Pasamonte\psl-apiclient\Pasamonte.ApiClient.Docs\Help\Working\BuildReferenceTopics.proj]
BuildAssembler : warning : ShowMissingComponent: [M:Pasamonte.ApiClient.ApiClient.NotificarEntrega(System.String,System.String,Pasamonte.ApiClient.Core.Dto.IdentificacionUsuario,Pasamonte.ApiClient.Core.Dto.IdentificacionTerminal,Pasamonte.ApiClient.Core.Dto.IdentificacionSistemaRemoto,Pasamonte.ApiClient.Core.Dto.Entrega)] Missing &lt;summary&gt; documentation [C:\Pasamonte\psl-apiclient\Pasamonte.ApiClient.Docs\Help\Working\BuildReferenceTopics.proj]
BuildAssembler : warning : ShowMissingComponent: [M:Pasamonte.ApiClient.ApiClient.NotificarEntrega(System.String,System.String,Pasamonte.ApiClient.Core.Dto.IdentificacionUsuario,Pasamonte.ApiClient.Core.Dto.IdentificacionTerminal,Pasamonte.ApiClient.Core.Dto.IdentificacionSistemaRemoto,Pasamonte.ApiClient.Core.Dto.Entrega)] Missing &lt;returns&gt; documentation [C:\Pasamonte\psl-apiclient\Pasamonte.ApiClient.Docs\Help\Working\BuildReferenceTopics.proj]
BuildAssembler : warning : ShowMissingComponent: [M:Pasamonte.ApiClient.ApiClient.NotificarEntrega(System.String,System.String,Pasamonte.ApiClient.Core.Dto.IdentificacionUsuario,Pasamonte.ApiClient.Core.Dto.IdentificacionTerminal,Pasamonte.ApiClient.Core.Dto.IdentificacionSistemaRemoto,Pasamonte.ApiClient.Core.Dto.Entrega)] Missing &lt;param name=&quot;url&quot;/&gt; documentation [C:\Pasamonte\psl-apiclient\Pasamonte.ApiClient.Docs\Help\Working\BuildReferenceTopics.proj]
BuildAssembler : warning : ShowMissingComponent: [M:Pasamonte.ApiClient.ApiClient.NotificarEntrega(System.String,System.String,Pasamonte.ApiClient.Core.Dto.IdentificacionUsuario,Pasamonte.ApiClient.Core.Dto.IdentificacionTerminal,Pasamonte.ApiClient.Core.Dto.IdentificacionSistemaRemoto,Pasamonte.ApiClient.Core.Dto.Entrega)] Missing &lt;param name=&quot;apiKey&quot;/&gt; documentation [C:\Pasamonte\psl-apiclient\Pasamonte.ApiClient.Docs\Help\Working\BuildReferenceTopics.proj]
BuildAssembler : warning : ShowMissingComponent: [M:Pasamonte.ApiClient.ApiClient.NotificarEntrega(System.String,System.String,Pasamonte.ApiClient.Core.Dto.IdentificacionUsuario,Pasamonte.ApiClient.Core.Dto.IdentificacionTerminal,Pasamonte.ApiClient.Core.Dto.IdentificacionSistemaRemoto,Pasamonte.ApiClient.Core.Dto.Entrega)] Missing &lt;param name=&quot;identificacionUsuario&quot;/&gt; documentation [C:\Pasamonte\psl-apiclient\Pasamonte.ApiClient.Docs\Help\Working\BuildReferenceTopics.proj]
BuildAssembler : warning : ShowMissingComponent: [M:Pasamonte.ApiClient.ApiClient.NotificarEntrega(System.String,System.String,Pasamonte.ApiClient.Core.Dto.IdentificacionUsuario,Pasamonte.ApiClient.Core.Dto.IdentificacionTerminal,Pasamonte.ApiClient.Core.Dto.IdentificacionSistemaRemoto,Pasamonte.ApiClient.Core.Dto.Entrega)] Missing &lt;param name=&quot;identificacionTerminal&quot;/&gt; documentation [C:\Pasamonte\psl-apiclient\Pasamonte.ApiClient.Docs\Help\Working\BuildReferenceTopics.proj]
BuildAssembler : warning : ShowMissingComponent: [M:Pasamonte.ApiClient.ApiClient.NotificarEntrega(System.String,System.String,Pasamonte.ApiClient.Core.Dto.IdentificacionUsuario,Pasamonte.ApiClient.Core.Dto.IdentificacionTerminal,Pasamonte.ApiClient.Core.Dto.IdentificacionSistemaRemoto,Pasamonte.ApiClient.Core.Dto.Entrega)] Missing &lt;param name=&quot;identificacionSistemaRemoto&quot;/&gt; documentation [C:\Pasamonte\psl-apiclient\Pasamonte.ApiClient.Docs\Help\Working\BuildReferenceTopics.proj]
BuildAssembler : warning : ShowMissingComponent: [M:Pasamonte.ApiClient.ApiClient.NotificarEntrega(System.String,System.String,Pasamonte.ApiClient.Core.Dto.IdentificacionUsuario,Pasamonte.ApiClient.Core.Dto.IdentificacionTerminal,Pasamonte.ApiClient.Core.Dto.IdentificacionSistemaRemoto,Pasamonte.ApiClient.Core.Dto.Entrega)] Missing &lt;param name=&quot;entrega&quot;/&gt; documentation [C:\Pasamonte\psl-apiclient\Pasamonte.ApiClient.Docs\Help\Working\BuildReferenceTopics.proj]
BuildAssembler : warning : ShowMissingComponent: [M:Pasamonte.ApiClient.ApiClient.ObtenerEntregas(System.String,System.String,Pasamonte.ApiClient.Core.Dto.IdentificacionUsuario,Pasamonte.ApiClient.Core.Dto.IdentificacionTerminal,Pasamonte.ApiClient.Core.Dto.IdentificacionSistemaRemoto)] Missing &lt;summary&gt; documentation [C:\Pasamonte\psl-apiclient\Pasamonte.ApiClient.Docs\Help\Working\BuildReferenceTopics.proj]
BuildAssembler : warning : ShowMissingComponent: [M:Pasamonte.ApiClient.ApiClient.ObtenerEntregas(System.String,System.String,Pasamonte.ApiClient.Core.Dto.IdentificacionUsuario,Pasamonte.ApiClient.Core.Dto.IdentificacionTerminal,Pasamonte.ApiClient.Core.Dto.IdentificacionSistemaRemoto)] Missing &lt;returns&gt; documentation [C:\Pasamonte\psl-apiclient\Pasamonte.ApiClient.Docs\Help\Working\BuildReferenceTopics.proj]
BuildAssembler : warning : ShowMissingComponent: [M:Pasamonte.ApiClient.ApiClient.ObtenerEntregas(System.String,System.String,Pasamonte.ApiClient.Core.Dto.IdentificacionUsuario,Pasamonte.ApiClient.Core.Dto.IdentificacionTerminal,Pasamonte.ApiClient.Core.Dto.IdentificacionSistemaRemoto)] Missing &lt;param name=&quot;url&quot;/&gt; documentation [C:\Pasamonte\psl-apiclient\Pasamonte.ApiClient.Docs\Help\Working\BuildReferenceTopics.proj]
BuildAssembler : warning : ShowMissingComponent: [M:Pasamonte.ApiClient.ApiClient.ObtenerEntregas(System.String,System.String,Pasamonte.ApiClient.Core.Dto.IdentificacionUsuario,Pasamonte.ApiClient.Core.Dto.IdentificacionTerminal,Pasamonte.ApiClient.Core.Dto.IdentificacionSistemaRemoto)] Missing &lt;param name=&quot;apiKey&quot;/&gt; documentation [C:\Pasamonte\psl-apiclient\Pasamonte.ApiClient.Docs\Help\Working\BuildReferenceTopics.proj]
BuildAssembler : warning : ShowMissingComponent: [M:Pasamonte.ApiClient.ApiClient.ObtenerEntregas(System.String,System.String,Pasamonte.ApiClient.Core.Dto.IdentificacionUsuario,Pasamonte.ApiClient.Core.Dto.IdentificacionTerminal,Pasamonte.ApiClient.Core.Dto.IdentificacionSistemaRemoto)] Missing &lt;param name=&quot;identificacionUsuario&quot;/&gt; documentation [C:\Pasamonte\psl-apiclient\Pasamonte.ApiClient.Docs\Help\Working\BuildReferenceTopics.proj]
BuildAssembler : warning : ShowMissingComponent: [M:Pasamonte.ApiClient.ApiClient.ObtenerEntregas(System.String,System.String,Pasamonte.ApiClient.Core.Dto.IdentificacionUsuario,Pasamonte.ApiClient.Core.Dto.IdentificacionTerminal,Pasamonte.ApiClient.Core.Dto.IdentificacionSistemaRemoto)] Missing &lt;param name=&quot;identificacionTerminal&quot;/&gt; documentation [C:\Pasamonte\psl-apiclient\Pasamonte.ApiClient.Docs\Help\Working\BuildReferenceTopics.proj]
BuildAssembler : warning : ShowMissingComponent: [M:Pasamonte.ApiClient.ApiClient.ObtenerEntregas(System.String,System.String,Pasamonte.ApiClient.Core.Dto.IdentificacionUsuario,Pasamonte.ApiClient.Core.Dto.IdentificacionTerminal,Pasamonte.ApiClient.Core.Dto.IdentificacionSistemaRemoto)] Missing &lt;param name=&quot;identificacionSistemaRemoto&quot;/&gt; documentation [C:\Pasamonte\psl-apiclient\Pasamonte.ApiClient.Docs\Help\Working\BuildReferenceTopics.proj]
BuildAssembler : warning : ShowMissingComponent: [N:Pasamonte.ApiClient.Core] Missing &lt;summary&gt; documentation [C:\Pasamonte\psl-apiclient\Pasamonte.ApiClient.Docs\Help\Working\BuildReferenceTopics.proj]
BuildAssembler : warning : ShowMissingComponent: [N:Pasamonte.ApiClient.Core.Dto] Missing &lt;summary&gt; documentation [C:\Pasamonte\psl-apiclient\Pasamonte.ApiClient.Docs\Help\Working\BuildReferenceTopics.proj]
BuildAssembler : warning : ShowMissingComponent: [T:Pasamonte.ApiClient.Core.Dto.Entrega] Missing &lt;summary&gt; documentation [C:\Pasamonte\psl-apiclient\Pasamonte.ApiClient.Docs\Help\Working\BuildReferenceTopics.proj]
BuildAssembler : warning : ShowMissingComponent: [P:Pasamonte.ApiClient.Core.Dto.Entrega.Despachada] Missing &lt;summary&gt; documentation [C:\Pasamonte\psl-apiclient\Pasamonte.ApiClient.Docs\Help\Working\BuildReferenceTopics.proj]
BuildAssembler : warning : ShowMissingComponent: [P:Pasamonte.ApiClient.Core.Dto.IdentificacionSistemaRemoto.Empresa] Missing &lt;summary&gt; documentation [C:\Pasamonte\psl-apiclient\Pasamonte.ApiClient.Docs\Help\Working\BuildReferenceTopics.proj]
BuildAssembler : warning : ShowMissingComponent: [P:Pasamonte.ApiClient.Core.Dto.IdentificacionSistemaRemoto.Software] Missing &lt;summary&gt; documentation [C:\Pasamonte\psl-apiclient\Pasamonte.ApiClient.Docs\Help\Working\BuildReferenceTopics.proj]
BuildAssembler : warning : ShowMissingComponent: [P:Pasamonte.ApiClient.Core.Dto.IdentificacionSistemaRemoto.Version] Missing &lt;summary&gt; documentation [C:\Pasamonte\psl-apiclient\Pasamonte.ApiClient.Docs\Help\Working\BuildReferenceTopics.proj]
BuildAssembler : warning : ShowMissingComponent: [T:Pasamonte.ApiClient.Core.Dto.IdentificacionTerminal] Missing &lt;summary&gt; documentation [C:\Pasamonte\psl-apiclient\Pasamonte.ApiClient.Docs\Help\Working\BuildReferenceTopics.proj]
BuildAssembler : warning : ShowMissingComponent: [P:Pasamonte.ApiClient.Core.Dto.Persona.Email] Missing &lt;summary&gt; documentation [C:\Pasamonte\psl-apiclient\Pasamonte.ApiClient.Docs\Help\Working\BuildReferenceTopics.proj]
BuildAssembler : warning : ShowMissingComponent: [P:Pasamonte.ApiClient.Core.Dto.Persona.TelefonoMovil] Missing &lt;summary&gt; documentation [C:\Pasamonte\psl-apiclient\Pasamonte.ApiClient.Docs\Help\Working\BuildReferenceTopics.proj]
BuildAssembler : warning : ShowMissingComponent: [P:Pasamonte.ApiClient.Core.Dto.Persona.TelefonoResidencial] Missing &lt;summary&gt; documentation [C:\Pasamonte\psl-apiclient\Pasamonte.ApiClient.Docs\Help\Working\BuildReferenceTopics.proj]
BuildAssembler : warning : ShowMissingComponent: [T:Pasamonte.ApiClient.Core.Dto.RespuestaNotificarEntrega] Missing &lt;summary&gt; documentation [C:\Pasamonte\psl-apiclient\Pasamonte.ApiClient.Docs\Help\Working\BuildReferenceTopics.proj]
BuildAssembler : warning : ShowMissingComponent: [P:Pasamonte.ApiClient.Core.Dto.RespuestaNotificarEntrega.DescripcionRespuesta] Missing &lt;summary&gt; documentation [C:\Pasamonte\psl-apiclient\Pasamonte.ApiClient.Docs\Help\Working\BuildReferenceTopics.proj]
BuildAssembler : warning : ShowMissingComponent: [P:Pasamonte.ApiClient.Core.Dto.RespuestaNotificarEntrega.FechaProximaEntrega] Missing &lt;summary&gt; documentation [C:\Pasamonte\psl-apiclient\Pasamonte.ApiClient.Docs\Help\Working\BuildReferenceTopics.proj]
BuildAssembler : warning : ShowMissingComponent: [P:Pasamonte.ApiClient.Core.Dto.RespuestaNotificarEntrega.Status] Missing &lt;summary&gt; documentation [C:\Pasamonte\psl-apiclient\Pasamonte.ApiClient.Docs\Help\Working\BuildReferenceTopics.proj]
BuildAssembler : warning : ShowMissingComponent: [T:Pasamonte.ApiClient.Core.Dto.RespuestaValidarIdentificacion] Missing &lt;summary&gt; documentation [C:\Pasamonte\psl-apiclient\Pasamonte.ApiClient.Docs\Help\Working\BuildReferenceTopics.proj]
BuildAssembler : warning : ShowMissingComponent: [P:Pasamonte.ApiClient.Core.Dto.RespuestaValidarIdentificacion.Data] Missing &lt;summary&gt; documentation [C:\Pasamonte\psl-apiclient\Pasamonte.ApiClient.Docs\Help\Working\BuildReferenceTopics.proj]
BuildAssembler : warning : ShowMissingComponent: [P:Pasamonte.ApiClient.Core.Dto.RespuestaValidarIdentificacion.Descripcion] Missing &lt;summary&gt; documentation [C:\Pasamonte\psl-apiclient\Pasamonte.ApiClient.Docs\Help\Working\BuildReferenceTopics.proj]
BuildAssembler : warning : ShowMissingComponent: [P:Pasamonte.ApiClient.Core.Dto.RespuestaValidarIdentificacion.Status] Missing &lt;summary&gt; documentation [C:\Pasamonte\psl-apiclient\Pasamonte.ApiClient.Docs\Help\Working\BuildReferenceTopics.proj]
BuildAssembler : warning : ShowMissingComponent: [P:Pasamonte.ApiClient.Core.Dto.RespuestaValidarIdentificacion.Token] Missing &lt;summary&gt; documentation [C:\Pasamonte\psl-apiclient\Pasamonte.ApiClient.Docs\Help\Working\BuildReferenceTopics.proj]
BuildAssembler : warning : ShowMissingComponent: [P:Pasamonte.ApiClient.Core.Dto.RespuestaValidarIdentificacion.Validado] Missing &lt;summary&gt; documentation [C:\Pasamonte\psl-apiclient\Pasamonte.ApiClient.Docs\Help\Working\BuildReferenceTopics.proj]
  Processed 112 topic(s)
  48 warning(s)
  CopyFromIndexComponent: &quot;reflection&quot; in-memory cache entries used: 4 of 15.
  CopyFromIndexComponent: &quot;comments&quot; in-memory cache entries used: 4 of 30.
Compilaci&#162;n del proyecto terminada &quot;C:\Pasamonte\psl-apiclient\Pasamonte.ApiClient.Docs\Help\Working\BuildReferenceTopics.proj&quot; (destinos predeterminados).

Compilaci&#162;n correcta.

Tiempo transcurrido 00:00:10.07
    Last step completed in 00:00:10.2570
</buildStep>
<buildStep step="CombiningIntermediateTocFiles">
Combining conceptual and API intermediate TOC files...
    Last step completed in 00:00:00.0020
</buildStep>
<buildStep step="ExtractingHtmlInfo">
Extracting HTML info for HTML Help 1 and/or website...
[C:\Program Files\MSBuild\12.0\bin\MSBuild.exe]
Sandcastle Help File Builder, version 2014.5.31.0
Copyright &#184; 2006-2014, Eric Woodruff, All Rights Reserved
E-Mail: Eric@EWoodruff.us

Using LCID &#39;1033&#39;, code page &#39;65001&#39;, encoding charset &#39;UTF-8&#39;.

Processing Help 1 files in C:\Pasamonte\psl-apiclient\Pasamonte.ApiClient.Docs\Help\Working\Output\HtmlHelp1
Processed 115 HTML files
Sorting keywords and generating See Also indices
Saving HTML Help 1 keyword index to C:\Pasamonte\psl-apiclient\Pasamonte.ApiClient.Docs\Help\Working\Pasamonte.ApiClient.Docs.hhk
Saving HTML Help 1 table of contents to C:\Pasamonte\psl-apiclient\Pasamonte.ApiClient.Docs\Help\Working\Pasamonte.ApiClient.Docs.hhc
    Last step completed in 00:00:00.3260
</buildStep>
<buildStep step="CopyStandardHelpContent">
Copying standard help content...
C:\Program Files\EWSoftware\Sandcastle Help File Builder\PresentationStyles\VS2013\icons\AlertCaution.png -&gt; C:\Pasamonte\psl-apiclient\Pasamonte.ApiClient.Docs\Help\Working\Output\HtmlHelp1\icons\AlertCaution.png
C:\Program Files\EWSoftware\Sandcastle Help File Builder\PresentationStyles\VS2013\icons\AlertNote.png -&gt; C:\Pasamonte\psl-apiclient\Pasamonte.ApiClient.Docs\Help\Working\Output\HtmlHelp1\icons\AlertNote.png
C:\Program Files\EWSoftware\Sandcastle Help File Builder\PresentationStyles\VS2013\icons\AlertSecurity.png -&gt; C:\Pasamonte\psl-apiclient\Pasamonte.ApiClient.Docs\Help\Working\Output\HtmlHelp1\icons\AlertSecurity.png
C:\Program Files\EWSoftware\Sandcastle Help File Builder\PresentationStyles\VS2013\icons\CFW.gif -&gt; C:\Pasamonte\psl-apiclient\Pasamonte.ApiClient.Docs\Help\Working\Output\HtmlHelp1\icons\CFW.gif
C:\Program Files\EWSoftware\Sandcastle Help File Builder\PresentationStyles\VS2013\icons\CodeExample.png -&gt; C:\Pasamonte\psl-apiclient\Pasamonte.ApiClient.Docs\Help\Working\Output\HtmlHelp1\icons\CodeExample.png
C:\Program Files\EWSoftware\Sandcastle Help File Builder\PresentationStyles\VS2013\icons\favicon.ico -&gt; C:\Pasamonte\psl-apiclient\Pasamonte.ApiClient.Docs\Help\Working\Output\HtmlHelp1\icons\favicon.ico
C:\Program Files\EWSoftware\Sandcastle Help File Builder\PresentationStyles\VS2013\icons\privclass.gif -&gt; C:\Pasamonte\psl-apiclient\Pasamonte.ApiClient.Docs\Help\Working\Output\HtmlHelp1\icons\privclass.gif
C:\Program Files\EWSoftware\Sandcastle Help File Builder\PresentationStyles\VS2013\icons\privdelegate.gif -&gt; C:\Pasamonte\psl-apiclient\Pasamonte.ApiClient.Docs\Help\Working\Output\HtmlHelp1\icons\privdelegate.gif
C:\Program Files\EWSoftware\Sandcastle Help File Builder\PresentationStyles\VS2013\icons\privenumeration.gif -&gt; C:\Pasamonte\psl-apiclient\Pasamonte.ApiClient.Docs\Help\Working\Output\HtmlHelp1\icons\privenumeration.gif
C:\Program Files\EWSoftware\Sandcastle Help File Builder\PresentationStyles\VS2013\icons\privevent.gif -&gt; C:\Pasamonte\psl-apiclient\Pasamonte.ApiClient.Docs\Help\Working\Output\HtmlHelp1\icons\privevent.gif
C:\Program Files\EWSoftware\Sandcastle Help File Builder\PresentationStyles\VS2013\icons\privextension.gif -&gt; C:\Pasamonte\psl-apiclient\Pasamonte.ApiClient.Docs\Help\Working\Output\HtmlHelp1\icons\privextension.gif
C:\Program Files\EWSoftware\Sandcastle Help File Builder\PresentationStyles\VS2013\icons\privfield.gif -&gt; C:\Pasamonte\psl-apiclient\Pasamonte.ApiClient.Docs\Help\Working\Output\HtmlHelp1\icons\privfield.gif
C:\Program Files\EWSoftware\Sandcastle Help File Builder\PresentationStyles\VS2013\icons\privinterface.gif -&gt; C:\Pasamonte\psl-apiclient\Pasamonte.ApiClient.Docs\Help\Working\Output\HtmlHelp1\icons\privinterface.gif
C:\Program Files\EWSoftware\Sandcastle Help File Builder\PresentationStyles\VS2013\icons\privmethod.gif -&gt; C:\Pasamonte\psl-apiclient\Pasamonte.ApiClient.Docs\Help\Working\Output\HtmlHelp1\icons\privmethod.gif
C:\Program Files\EWSoftware\Sandcastle Help File Builder\PresentationStyles\VS2013\icons\privproperty.gif -&gt; C:\Pasamonte\psl-apiclient\Pasamonte.ApiClient.Docs\Help\Working\Output\HtmlHelp1\icons\privproperty.gif
C:\Program Files\EWSoftware\Sandcastle Help File Builder\PresentationStyles\VS2013\icons\privstructure.gif -&gt; C:\Pasamonte\psl-apiclient\Pasamonte.ApiClient.Docs\Help\Working\Output\HtmlHelp1\icons\privstructure.gif
C:\Program Files\EWSoftware\Sandcastle Help File Builder\PresentationStyles\VS2013\icons\protclass.gif -&gt; C:\Pasamonte\psl-apiclient\Pasamonte.ApiClient.Docs\Help\Working\Output\HtmlHelp1\icons\protclass.gif
C:\Program Files\EWSoftware\Sandcastle Help File Builder\PresentationStyles\VS2013\icons\protdelegate.gif -&gt; C:\Pasamonte\psl-apiclient\Pasamonte.ApiClient.Docs\Help\Working\Output\HtmlHelp1\icons\protdelegate.gif
C:\Program Files\EWSoftware\Sandcastle Help File Builder\PresentationStyles\VS2013\icons\protenumeration.gif -&gt; C:\Pasamonte\psl-apiclient\Pasamonte.ApiClient.Docs\Help\Working\Output\HtmlHelp1\icons\protenumeration.gif
C:\Program Files\EWSoftware\Sandcastle Help File Builder\PresentationStyles\VS2013\icons\protevent.gif -&gt; C:\Pasamonte\psl-apiclient\Pasamonte.ApiClient.Docs\Help\Working\Output\HtmlHelp1\icons\protevent.gif
C:\Program Files\EWSoftware\Sandcastle Help File Builder\PresentationStyles\VS2013\icons\protextension.gif -&gt; C:\Pasamonte\psl-apiclient\Pasamonte.ApiClient.Docs\Help\Working\Output\HtmlHelp1\icons\protextension.gif
C:\Program Files\EWSoftware\Sandcastle Help File Builder\PresentationStyles\VS2013\icons\protfield.gif -&gt; C:\Pasamonte\psl-apiclient\Pasamonte.ApiClient.Docs\Help\Working\Output\HtmlHelp1\icons\protfield.gif
C:\Program Files\EWSoftware\Sandcastle Help File Builder\PresentationStyles\VS2013\icons\protinterface.gif -&gt; C:\Pasamonte\psl-apiclient\Pasamonte.ApiClient.Docs\Help\Working\Output\HtmlHelp1\icons\protinterface.gif
C:\Program Files\EWSoftware\Sandcastle Help File Builder\PresentationStyles\VS2013\icons\protmethod.gif -&gt; C:\Pasamonte\psl-apiclient\Pasamonte.ApiClient.Docs\Help\Working\Output\HtmlHelp1\icons\protmethod.gif
C:\Program Files\EWSoftware\Sandcastle Help File Builder\PresentationStyles\VS2013\icons\protoperator.gif -&gt; C:\Pasamonte\psl-apiclient\Pasamonte.ApiClient.Docs\Help\Working\Output\HtmlHelp1\icons\protoperator.gif
C:\Program Files\EWSoftware\Sandcastle Help File Builder\PresentationStyles\VS2013\icons\protproperty.gif -&gt; C:\Pasamonte\psl-apiclient\Pasamonte.ApiClient.Docs\Help\Working\Output\HtmlHelp1\icons\protproperty.gif
C:\Program Files\EWSoftware\Sandcastle Help File Builder\PresentationStyles\VS2013\icons\protstructure.gif -&gt; C:\Pasamonte\psl-apiclient\Pasamonte.ApiClient.Docs\Help\Working\Output\HtmlHelp1\icons\protstructure.gif
C:\Program Files\EWSoftware\Sandcastle Help File Builder\PresentationStyles\VS2013\icons\pubclass.gif -&gt; C:\Pasamonte\psl-apiclient\Pasamonte.ApiClient.Docs\Help\Working\Output\HtmlHelp1\icons\pubclass.gif
C:\Program Files\EWSoftware\Sandcastle Help File Builder\PresentationStyles\VS2013\icons\pubdelegate.gif -&gt; C:\Pasamonte\psl-apiclient\Pasamonte.ApiClient.Docs\Help\Working\Output\HtmlHelp1\icons\pubdelegate.gif
C:\Program Files\EWSoftware\Sandcastle Help File Builder\PresentationStyles\VS2013\icons\pubenumeration.gif -&gt; C:\Pasamonte\psl-apiclient\Pasamonte.ApiClient.Docs\Help\Working\Output\HtmlHelp1\icons\pubenumeration.gif
C:\Program Files\EWSoftware\Sandcastle Help File Builder\PresentationStyles\VS2013\icons\pubevent.gif -&gt; C:\Pasamonte\psl-apiclient\Pasamonte.ApiClient.Docs\Help\Working\Output\HtmlHelp1\icons\pubevent.gif
C:\Program Files\EWSoftware\Sandcastle Help File Builder\PresentationStyles\VS2013\icons\pubextension.gif -&gt; C:\Pasamonte\psl-apiclient\Pasamonte.ApiClient.Docs\Help\Working\Output\HtmlHelp1\icons\pubextension.gif
C:\Program Files\EWSoftware\Sandcastle Help File Builder\PresentationStyles\VS2013\icons\pubfield.gif -&gt; C:\Pasamonte\psl-apiclient\Pasamonte.ApiClient.Docs\Help\Working\Output\HtmlHelp1\icons\pubfield.gif
C:\Program Files\EWSoftware\Sandcastle Help File Builder\PresentationStyles\VS2013\icons\pubinterface.gif -&gt; C:\Pasamonte\psl-apiclient\Pasamonte.ApiClient.Docs\Help\Working\Output\HtmlHelp1\icons\pubinterface.gif
C:\Program Files\EWSoftware\Sandcastle Help File Builder\PresentationStyles\VS2013\icons\pubmethod.gif -&gt; C:\Pasamonte\psl-apiclient\Pasamonte.ApiClient.Docs\Help\Working\Output\HtmlHelp1\icons\pubmethod.gif
C:\Program Files\EWSoftware\Sandcastle Help File Builder\PresentationStyles\VS2013\icons\puboperator.gif -&gt; C:\Pasamonte\psl-apiclient\Pasamonte.ApiClient.Docs\Help\Working\Output\HtmlHelp1\icons\puboperator.gif
C:\Program Files\EWSoftware\Sandcastle Help File Builder\PresentationStyles\VS2013\icons\pubproperty.gif -&gt; C:\Pasamonte\psl-apiclient\Pasamonte.ApiClient.Docs\Help\Working\Output\HtmlHelp1\icons\pubproperty.gif
C:\Program Files\EWSoftware\Sandcastle Help File Builder\PresentationStyles\VS2013\icons\pubstructure.gif -&gt; C:\Pasamonte\psl-apiclient\Pasamonte.ApiClient.Docs\Help\Working\Output\HtmlHelp1\icons\pubstructure.gif
C:\Program Files\EWSoftware\Sandcastle Help File Builder\PresentationStyles\VS2013\icons\SectionCollapsed.png -&gt; C:\Pasamonte\psl-apiclient\Pasamonte.ApiClient.Docs\Help\Working\Output\HtmlHelp1\icons\SectionCollapsed.png
C:\Program Files\EWSoftware\Sandcastle Help File Builder\PresentationStyles\VS2013\icons\SectionExpanded.png -&gt; C:\Pasamonte\psl-apiclient\Pasamonte.ApiClient.Docs\Help\Working\Output\HtmlHelp1\icons\SectionExpanded.png
C:\Program Files\EWSoftware\Sandcastle Help File Builder\PresentationStyles\VS2013\icons\slMobile.gif -&gt; C:\Pasamonte\psl-apiclient\Pasamonte.ApiClient.Docs\Help\Working\Output\HtmlHelp1\icons\slMobile.gif
C:\Program Files\EWSoftware\Sandcastle Help File Builder\PresentationStyles\VS2013\icons\static.gif -&gt; C:\Pasamonte\psl-apiclient\Pasamonte.ApiClient.Docs\Help\Working\Output\HtmlHelp1\icons\static.gif
C:\Program Files\EWSoftware\Sandcastle Help File Builder\PresentationStyles\VS2013\icons\xna.gif -&gt; C:\Pasamonte\psl-apiclient\Pasamonte.ApiClient.Docs\Help\Working\Output\HtmlHelp1\icons\xna.gif
C:\Program Files\EWSoftware\Sandcastle Help File Builder\PresentationStyles\VS2013\scripts\branding.js -&gt; C:\Pasamonte\psl-apiclient\Pasamonte.ApiClient.Docs\Help\Working\Output\HtmlHelp1\scripts\branding.js
C:\Program Files\EWSoftware\Sandcastle Help File Builder\PresentationStyles\VS2013\styles\branding-cs-CZ.css -&gt; C:\Pasamonte\psl-apiclient\Pasamonte.ApiClient.Docs\Help\Working\Output\HtmlHelp1\styles\branding-cs-CZ.css
C:\Program Files\EWSoftware\Sandcastle Help File Builder\PresentationStyles\VS2013\styles\branding-de-DE.css -&gt; C:\Pasamonte\psl-apiclient\Pasamonte.ApiClient.Docs\Help\Working\Output\HtmlHelp1\styles\branding-de-DE.css
C:\Program Files\EWSoftware\Sandcastle Help File Builder\PresentationStyles\VS2013\styles\branding-en-US.css -&gt; C:\Pasamonte\psl-apiclient\Pasamonte.ApiClient.Docs\Help\Working\Output\HtmlHelp1\styles\branding-en-US.css
C:\Program Files\EWSoftware\Sandcastle Help File Builder\PresentationStyles\VS2013\styles\branding-es-ES.css -&gt; C:\Pasamonte\psl-apiclient\Pasamonte.ApiClient.Docs\Help\Working\Output\HtmlHelp1\styles\branding-es-ES.css
C:\Program Files\EWSoftware\Sandcastle Help File Builder\PresentationStyles\VS2013\styles\branding-fr-FR.css -&gt; C:\Pasamonte\psl-apiclient\Pasamonte.ApiClient.Docs\Help\Working\Output\HtmlHelp1\styles\branding-fr-FR.css
C:\Program Files\EWSoftware\Sandcastle Help File Builder\PresentationStyles\VS2013\styles\branding-Help1.css -&gt; C:\Pasamonte\psl-apiclient\Pasamonte.ApiClient.Docs\Help\Working\Output\HtmlHelp1\styles\branding-Help1.css
C:\Program Files\EWSoftware\Sandcastle Help File Builder\PresentationStyles\VS2013\styles\branding-Help2.css -&gt; C:\Pasamonte\psl-apiclient\Pasamonte.ApiClient.Docs\Help\Working\Output\HtmlHelp1\styles\branding-Help2.css
C:\Program Files\EWSoftware\Sandcastle Help File Builder\PresentationStyles\VS2013\styles\branding-HelpViewer.css -&gt; C:\Pasamonte\psl-apiclient\Pasamonte.ApiClient.Docs\Help\Working\Output\HtmlHelp1\styles\branding-HelpViewer.css
C:\Program Files\EWSoftware\Sandcastle Help File Builder\PresentationStyles\VS2013\styles\branding-it-IT.css -&gt; C:\Pasamonte\psl-apiclient\Pasamonte.ApiClient.Docs\Help\Working\Output\HtmlHelp1\styles\branding-it-IT.css
C:\Program Files\EWSoftware\Sandcastle Help File Builder\PresentationStyles\VS2013\styles\branding-ja-JP.css -&gt; C:\Pasamonte\psl-apiclient\Pasamonte.ApiClient.Docs\Help\Working\Output\HtmlHelp1\styles\branding-ja-JP.css
C:\Program Files\EWSoftware\Sandcastle Help File Builder\PresentationStyles\VS2013\styles\branding-ko-KR.css -&gt; C:\Pasamonte\psl-apiclient\Pasamonte.ApiClient.Docs\Help\Working\Output\HtmlHelp1\styles\branding-ko-KR.css
C:\Program Files\EWSoftware\Sandcastle Help File Builder\PresentationStyles\VS2013\styles\branding-pl-PL.css -&gt; C:\Pasamonte\psl-apiclient\Pasamonte.ApiClient.Docs\Help\Working\Output\HtmlHelp1\styles\branding-pl-PL.css
C:\Program Files\EWSoftware\Sandcastle Help File Builder\PresentationStyles\VS2013\styles\branding-pt-BR.css -&gt; C:\Pasamonte\psl-apiclient\Pasamonte.ApiClient.Docs\Help\Working\Output\HtmlHelp1\styles\branding-pt-BR.css
C:\Program Files\EWSoftware\Sandcastle Help File Builder\PresentationStyles\VS2013\styles\branding-ru-RU.css -&gt; C:\Pasamonte\psl-apiclient\Pasamonte.ApiClient.Docs\Help\Working\Output\HtmlHelp1\styles\branding-ru-RU.css
C:\Program Files\EWSoftware\Sandcastle Help File Builder\PresentationStyles\VS2013\styles\branding-tr-TR.css -&gt; C:\Pasamonte\psl-apiclient\Pasamonte.ApiClient.Docs\Help\Working\Output\HtmlHelp1\styles\branding-tr-TR.css
C:\Program Files\EWSoftware\Sandcastle Help File Builder\PresentationStyles\VS2013\styles\branding-Website.css -&gt; C:\Pasamonte\psl-apiclient\Pasamonte.ApiClient.Docs\Help\Working\Output\HtmlHelp1\styles\branding-Website.css
C:\Program Files\EWSoftware\Sandcastle Help File Builder\PresentationStyles\VS2013\styles\branding-zh-CN.css -&gt; C:\Pasamonte\psl-apiclient\Pasamonte.ApiClient.Docs\Help\Working\Output\HtmlHelp1\styles\branding-zh-CN.css
C:\Program Files\EWSoftware\Sandcastle Help File Builder\PresentationStyles\VS2013\styles\branding-zh-TW.css -&gt; C:\Pasamonte\psl-apiclient\Pasamonte.ApiClient.Docs\Help\Working\Output\HtmlHelp1\styles\branding-zh-TW.css
C:\Program Files\EWSoftware\Sandcastle Help File Builder\PresentationStyles\VS2013\styles\branding.css -&gt; C:\Pasamonte\psl-apiclient\Pasamonte.ApiClient.Docs\Help\Working\Output\HtmlHelp1\styles\branding.css
    Last step completed in 00:00:00.3330
</buildStep>
<buildStep step="GenerateHelpFormatTableOfContents">
Generating HTML Help 1 table of contents file...
    Last step completed in 00:00:00.0000
</buildStep>
<buildStep step="GenerateHelpFileIndex">
Generating HTML Help 1 index file...
    Last step completed in 00:00:00.0010
</buildStep>
<buildStep step="GenerateHelpProject">
Generating HTML Help 1 project file...
    Last step completed in 00:00:00.0040
</buildStep>
<buildStep step="CompilingHelpFile">
Compiling HTML Help 1 file...
[C:\Program Files\MSBuild\12.0\bin\MSBuild.exe]
  Microsoft HTML Help Compiler 4.74.8702
  
  
  
  Compiling c:\Pasamonte\psl-apiclient\Pasamonte.ApiClient.Docs\Help\Working\Output\HtmlHelp1\Pasamonte.ApiClient.Docs.chm
  
  
  
  
  
  Compile time: 0 minutes, 1 second
  
  117	Topics
  
  1,231	Local links
  
  385	Internet links
  
  0	Graphics
  
  
  
  
  
  Created c:\Pasamonte\psl-apiclient\Pasamonte.ApiClient.Docs\Help\Working\Output\HtmlHelp1\Pasamonte.ApiClient.Docs.chm, 185,226 bytes
  
  Compression decreased file by 855,356 bytes.
  
    Last step completed in 00:00:01.8340
</buildStep>
<buildStep step="CleanIntermediates">
Removing intermediate files...
    Last step completed in 00:00:00.1620
</buildStep>
<buildStep step="Completed">

Build completed successfully at 06-09-2014 12:25 .  Total time: 00:00:20,2540

</buildStep>
</shfbBuild>
